2021-09-11 15:27:29,315 [http-nio-8080-exec-7] ERROR [cn.tycoding.common.handler.GlobalExceptionHandler] GlobalExceptionHandler.java:38 - 全局异常, 请先完善七牛云服务配置，再进行操作
2021-09-11 16:00:50,029 [http-nio-8080-exec-2] ERROR [cn.tycoding.common.handler.GlobalExceptionHandler] GlobalExceptionHandler.java:31 - 内部错误, Request method 'POST' not supported
2021-09-11 16:01:20,820 [http-nio-8080-exec-4] ERROR [cn.tycoding.common.handler.GlobalExceptionHandler] GlobalExceptionHandler.java:31 - 内部错误, Request method 'POST' not supported
2021-09-11 16:03:02,886 [http-nio-8080-exec-1] ERROR [cn.tycoding.common.handler.GlobalExceptionHandler] GlobalExceptionHandler.java:31 - 内部错误, Request method 'POST' not supported
2021-09-13 22:58:49,228 [http-nio-8080-exec-2] ERROR [cn.tycoding.common.handler.GlobalExceptionHandler] GlobalExceptionHandler.java:31 - 内部错误, Request method 'POST' not supported
2021-09-14 10:22:16,928 [restartedMain] ERROR [org.springframework.boot.SpringApplication] SpringApplication.java:837 - Application run failed
org.springframework.beans.factory.BeanCreationException: Error creating bean with name 'shiroFilterFactoryBean' defined in class path resource [cn/tycoding/common/auth/ShiroConfig.class]: BeanPostProcessor before instantiation of bean failed; nested exception is org.springframework.beans.factory.UnsatisfiedDependencyException: Error creating bean with name 'authorizationAttributeSourceAdvisor' defined in class path resource [cn/tycoding/common/auth/ShiroConfig.class]: Unsatisfied dependency expressed through method 'authorizationAttributeSourceAdvisor' parameter 0; nested exception is org.springframework.beans.factory.BeanCreationException: Error creating bean with name 'securityManager' defined in class path resource [cn/tycoding/common/auth/ShiroConfig.class]: Bean instantiation via factory method failed; nested exception is org.springframework.beans.BeanInstantiationException: Failed to instantiate [org.apache.shiro.mgt.SecurityManager]: Factory method 'securityManager' threw exception; nested exception is org.apache.shiro.cache.CacheException: net.sf.ehcache.CacheException: Another unnamed CacheManager already exists in the same VM. Please provide unique names for each CacheManager in the config or do one of following:
1. Use one of the CacheManager.create() static factory methods to reuse same CacheManager with same name or create one if necessary
2. Shutdown the earlier cacheManager before creating new one with same name.
The source of the existing CacheManager is: InputStreamConfigurationSource [stream=sun.net.www.protocol.jar.JarURLConnection$JarURLInputStream@34a3059d]
	at org.springframework.beans.factory.support.AbstractAutowireCapableBeanFactory.createBean(AbstractAutowireCapableBeanFactory.java:512)
	at org.springframework.beans.factory.support.AbstractBeanFactory.lambda$doGetBean$0(AbstractBeanFactory.java:323)
	at org.springframework.beans.factory.support.DefaultSingletonBeanRegistry.getSingleton(DefaultSingletonBeanRegistry.java:226)
	at org.springframework.beans.factory.support.AbstractBeanFactory.doGetBean(AbstractBeanFactory.java:321)
	at org.springframework.beans.factory.support.AbstractBeanFactory.getBean(AbstractBeanFactory.java:207)
	at org.springframework.context.support.PostProcessorRegistrationDelegate.registerBeanPostProcessors(PostProcessorRegistrationDelegate.java:241)
	at org.springframework.context.support.AbstractApplicationContext.registerBeanPostProcessors(AbstractApplicationContext.java:723)
	at org.springframework.context.support.AbstractApplicationContext.refresh(AbstractApplicationContext.java:536)
	at org.springframework.boot.web.servlet.context.ServletWebServerApplicationContext.refresh(ServletWebServerApplicationContext.java:143)
	at org.springframework.boot.SpringApplication.refresh(SpringApplication.java:758)
	at org.springframework.boot.SpringApplication.refresh(SpringApplication.java:750)
	at org.springframework.boot.SpringApplication.refreshContext(SpringApplication.java:397)
	at org.springframework.boot.SpringApplication.run(SpringApplication.java:315)
	at org.springframework.boot.SpringApplication.run(SpringApplication.java:1237)
	at org.springframework.boot.SpringApplication.run(SpringApplication.java:1226)
	at cn.tycoding.TumoApplication.main(TumoApplication.java:13)
	at sun.reflect.NativeMethodAccessorImpl.invoke0(Native Method)
	at sun.reflect.NativeMethodAccessorImpl.invoke(NativeMethodAccessorImpl.java:62)
	at sun.reflect.DelegatingMethodAccessorImpl.invoke(DelegatingMethodAccessorImpl.java:43)
	at java.lang.reflect.Method.invoke(Method.java:498)
	at org.springframework.boot.devtools.restart.RestartLauncher.run(RestartLauncher.java:49)
Caused by: org.springframework.beans.factory.UnsatisfiedDependencyException: Error creating bean with name 'authorizationAttributeSourceAdvisor' defined in class path resource [cn/tycoding/common/auth/ShiroConfig.class]: Unsatisfied dependency expressed through method 'authorizationAttributeSourceAdvisor' parameter 0; nested exception is org.springframework.beans.factory.BeanCreationException: Error creating bean with name 'securityManager' defined in class path resource [cn/tycoding/common/auth/ShiroConfig.class]: Bean instantiation via factory method failed; nested exception is org.springframework.beans.BeanInstantiationException: Failed to instantiate [org.apache.shiro.mgt.SecurityManager]: Factory method 'securityManager' threw exception; nested exception is org.apache.shiro.cache.CacheException: net.sf.ehcache.CacheException: Another unnamed CacheManager already exists in the same VM. Please provide unique names for each CacheManager in the config or do one of following:
1. Use one of the CacheManager.create() static factory methods to reuse same CacheManager with same name or create one if necessary
2. Shutdown the earlier cacheManager before creating new one with same name.
The source of the existing CacheManager is: InputStreamConfigurationSource [stream=sun.net.www.protocol.jar.JarURLConnection$JarURLInputStream@34a3059d]
	at org.springframework.beans.factory.support.ConstructorResolver.createArgumentArray(ConstructorResolver.java:797)
	at org.springframework.beans.factory.support.ConstructorResolver.instantiateUsingFactoryMethod(ConstructorResolver.java:538)
	at org.springframework.beans.factory.support.AbstractAutowireCapableBeanFactory.instantiateUsingFactoryMethod(AbstractAutowireCapableBeanFactory.java:1338)
	at org.springframework.beans.factory.support.AbstractAutowireCapableBeanFactory.createBeanInstance(AbstractAutowireCapableBeanFactory.java:1177)
	at org.springframework.beans.factory.support.AbstractAutowireCapableBeanFactory.doCreateBean(AbstractAutowireCapableBeanFactory.java:557)
	at org.springframework.beans.factory.support.AbstractAutowireCapableBeanFactory.createBean(AbstractAutowireCapableBeanFactory.java:517)
	at org.springframework.beans.factory.support.AbstractBeanFactory.lambda$doGetBean$0(AbstractBeanFactory.java:323)
	at org.springframework.beans.factory.support.DefaultSingletonBeanRegistry.getSingleton(DefaultSingletonBeanRegistry.java:226)
	at org.springframework.beans.factory.support.AbstractBeanFactory.doGetBean(AbstractBeanFactory.java:321)
	at org.springframework.beans.factory.support.AbstractBeanFactory.getBean(AbstractBeanFactory.java:207)
	at org.springframework.aop.framework.autoproxy.BeanFactoryAdvisorRetrievalHelper.findAdvisorBeans(BeanFactoryAdvisorRetrievalHelper.java:91)
	at org.springframework.aop.framework.autoproxy.AbstractAdvisorAutoProxyCreator.findCandidateAdvisors(AbstractAdvisorAutoProxyCreator.java:111)
	at org.springframework.aop.aspectj.annotation.AnnotationAwareAspectJAutoProxyCreator.findCandidateAdvisors(AnnotationAwareAspectJAutoProxyCreator.java:92)
	at org.springframework.aop.aspectj.autoproxy.AspectJAwareAdvisorAutoProxyCreator.shouldSkip(AspectJAwareAdvisorAutoProxyCreator.java:101)
	at org.springframework.aop.framework.autoproxy.AbstractAutoProxyCreator.postProcessBeforeInstantiation(AbstractAutoProxyCreator.java:251)
	at org.springframework.beans.factory.support.AbstractAutowireCapableBeanFactory.applyBeanPostProcessorsBeforeInstantiation(AbstractAutowireCapableBeanFactory.java:1141)
	at org.springframework.beans.factory.support.AbstractAutowireCapableBeanFactory.resolveBeforeInstantiation(AbstractAutowireCapableBeanFactory.java:1114)
	at org.springframework.beans.factory.support.AbstractAutowireCapableBeanFactory.createBean(AbstractAutowireCapableBeanFactory.java:506)
	... 20 common frames omitted
Caused by: org.springframework.beans.factory.BeanCreationException: Error creating bean with name 'securityManager' defined in class path resource [cn/tycoding/common/auth/ShiroConfig.class]: Bean instantiation via factory method failed; nested exception is org.springframework.beans.BeanInstantiationException: Failed to instantiate [org.apache.shiro.mgt.SecurityManager]: Factory method 'securityManager' threw exception; nested exception is org.apache.shiro.cache.CacheException: net.sf.ehcache.CacheException: Another unnamed CacheManager already exists in the same VM. Please provide unique names for each CacheManager in the config or do one of following:
1. Use one of the CacheManager.create() static factory methods to reuse same CacheManager with same name or create one if necessary
2. Shutdown the earlier cacheManager before creating new one with same name.
The source of the existing CacheManager is: InputStreamConfigurationSource [stream=sun.net.www.protocol.jar.JarURLConnection$JarURLInputStream@34a3059d]
	at org.springframework.beans.factory.support.ConstructorResolver.instantiate(ConstructorResolver.java:655)
	at org.springframework.beans.factory.support.ConstructorResolver.instantiateUsingFactoryMethod(ConstructorResolver.java:635)
	at org.springframework.beans.factory.support.AbstractAutowireCapableBeanFactory.instantiateUsingFactoryMethod(AbstractAutowireCapableBeanFactory.java:1338)
	at org.springframework.beans.factory.support.AbstractAutowireCapableBeanFactory.createBeanInstance(AbstractAutowireCapableBeanFactory.java:1177)
	at org.springframework.beans.factory.support.AbstractAutowireCapableBeanFactory.doCreateBean(AbstractAutowireCapableBeanFactory.java:557)
	at org.springframework.beans.factory.support.AbstractAutowireCapableBeanFactory.createBean(AbstractAutowireCapableBeanFactory.java:517)
	at org.springframework.beans.factory.support.AbstractBeanFactory.lambda$doGetBean$0(AbstractBeanFactory.java:323)
	at org.springframework.beans.factory.support.DefaultSingletonBeanRegistry.getSingleton(DefaultSingletonBeanRegistry.java:226)
	at org.springframework.beans.factory.support.AbstractBeanFactory.doGetBean(AbstractBeanFactory.java:321)
	at org.springframework.beans.factory.support.AbstractBeanFactory.getBean(AbstractBeanFactory.java:202)
	at org.springframework.beans.factory.config.DependencyDescriptor.resolveCandidate(DependencyDescriptor.java:276)
	at org.springframework.beans.factory.support.DefaultListableBeanFactory.doResolveDependency(DefaultListableBeanFactory.java:1304)
	at org.springframework.beans.factory.support.DefaultListableBeanFactory.resolveDependency(DefaultListableBeanFactory.java:1224)
	at org.springframework.beans.factory.support.ConstructorResolver.resolveAutowiredArgument(ConstructorResolver.java:884)
	at org.springframework.beans.factory.support.ConstructorResolver.createArgumentArray(ConstructorResolver.java:788)
	... 37 common frames omitted
Caused by: org.springframework.beans.BeanInstantiationException: Failed to instantiate [org.apache.shiro.mgt.SecurityManager]: Factory method 'securityManager' threw exception; nested exception is org.apache.shiro.cache.CacheException: net.sf.ehcache.CacheException: Another unnamed CacheManager already exists in the same VM. Please provide unique names for each CacheManager in the config or do one of following:
1. Use one of the CacheManager.create() static factory methods to reuse same CacheManager with same name or create one if necessary
2. Shutdown the earlier cacheManager before creating new one with same name.
The source of the existing CacheManager is: InputStreamConfigurationSource [stream=sun.net.www.protocol.jar.JarURLConnection$JarURLInputStream@34a3059d]
	at org.springframework.beans.factory.support.SimpleInstantiationStrategy.instantiate(SimpleInstantiationStrategy.java:185)
	at org.springframework.beans.factory.support.ConstructorResolver.instantiate(ConstructorResolver.java:650)
	... 51 common frames omitted
Caused by: org.apache.shiro.cache.CacheException: net.sf.ehcache.CacheException: Another unnamed CacheManager already exists in the same VM. Please provide unique names for each CacheManager in the config or do one of following:
1. Use one of the CacheManager.create() static factory methods to reuse same CacheManager with same name or create one if necessary
2. Shutdown the earlier cacheManager before creating new one with same name.
The source of the existing CacheManager is: InputStreamConfigurationSource [stream=sun.net.www.protocol.jar.JarURLConnection$JarURLInputStream@34a3059d]
	at org.apache.shiro.cache.ehcache.EhCacheManager.ensureCacheManager(EhCacheManager.java:223)
	at org.apache.shiro.cache.ehcache.EhCacheManager.getCache(EhCacheManager.java:155)
	at org.apache.shiro.realm.AuthorizingRealm.getAuthorizationCacheLazy(AuthorizingRealm.java:246)
	at org.apache.shiro.realm.AuthorizingRealm.getAvailableAuthorizationCache(AuthorizingRealm.java:261)
	at org.apache.shiro.realm.AuthorizingRealm.afterCacheManagerSet(AuthorizingRealm.java:227)
	at org.apache.shiro.realm.CachingRealm.setCacheManager(CachingRealm.java:96)
	at org.apache.shiro.mgt.RealmSecurityManager.applyCacheManagerToRealms(RealmSecurityManager.java:118)
	at org.apache.shiro.mgt.RealmSecurityManager.afterCacheManagerSet(RealmSecurityManager.java:157)
	at org.apache.shiro.mgt.SessionsSecurityManager.afterCacheManagerSet(SessionsSecurityManager.java:107)
	at org.apache.shiro.mgt.CachingSecurityManager.setCacheManager(CachingSecurityManager.java:83)
	at cn.tycoding.common.auth.ShiroConfig.securityManager(ShiroConfig.java:61)
	at cn.tycoding.common.auth.ShiroConfig$$EnhancerBySpringCGLIB$$8019eeff.CGLIB$securityManager$7(<generated>)
	at cn.tycoding.common.auth.ShiroConfig$$EnhancerBySpringCGLIB$$8019eeff$$FastClassBySpringCGLIB$$d01e605.invoke(<generated>)
	at org.springframework.cglib.proxy.MethodProxy.invokeSuper(MethodProxy.java:244)
	at org.springframework.context.annotation.ConfigurationClassEnhancer$BeanMethodInterceptor.intercept(ConfigurationClassEnhancer.java:331)
	at cn.tycoding.common.auth.ShiroConfig$$EnhancerBySpringCGLIB$$8019eeff.securityManager(<generated>)
	at sun.reflect.NativeMethodAccessorImpl.invoke0(Native Method)
	at sun.reflect.NativeMethodAccessorImpl.invoke(NativeMethodAccessorImpl.java:62)
	at sun.reflect.DelegatingMethodAccessorImpl.invoke(DelegatingMethodAccessorImpl.java:43)
	at java.lang.reflect.Method.invoke(Method.java:498)
	at org.springframework.beans.factory.support.SimpleInstantiationStrategy.instantiate(SimpleInstantiationStrategy.java:154)
	... 52 common frames omitted
Caused by: net.sf.ehcache.CacheException: Another unnamed CacheManager already exists in the same VM. Please provide unique names for each CacheManager in the config or do one of following:
1. Use one of the CacheManager.create() static factory methods to reuse same CacheManager with same name or create one if necessary
2. Shutdown the earlier cacheManager before creating new one with same name.
The source of the existing CacheManager is: InputStreamConfigurationSource [stream=sun.net.www.protocol.jar.JarURLConnection$JarURLInputStream@34a3059d]
	at net.sf.ehcache.CacheManager.assertNoCacheManagerExistsWithSameName(CacheManager.java:529)
	at net.sf.ehcache.CacheManager.init(CacheManager.java:374)
	at net.sf.ehcache.CacheManager.<init>(CacheManager.java:339)
	at org.apache.shiro.cache.ehcache.EhCacheManager.ensureCacheManager(EhCacheManager.java:212)
	... 72 common frames omitted
